{
  message: 'Server Started \n' +
    ' Server Running on Port 3000 \n' +
    ' Visit: http://localhost:3000',
  level: 'info',
  timestamp: '2024-09-03 15:44:22'
}
{
  message: 'MongoDB is connected Successfully',
  level: 'info',
  timestamp: '2024-09-03 15:44:22'
}
{
  message: 'Server Started \n' +
    ' Server Running on Port 3000 \n' +
    ' Visit: http://localhost:3000',
  level: 'info',
  timestamp: '2024-09-03 15:44:51'
}
{
  message: 'MongoDB is connected Successfully',
  level: 'info',
  timestamp: '2024-09-03 15:44:51'
}
{
  message: 'Server Started \n' +
    ' Server Running on Port 3000 \n' +
    ' Visit: http://localhost:3000',
  level: 'info',
  timestamp: '2024-09-03 15:46:32'
}
{
  message: 'MongoDB is connected Successfully',
  level: 'info',
  timestamp: '2024-09-03 15:46:32'
}
{
  message: 'Server Started \n' +
    ' Server Running on Port 3000 \n' +
    ' Visit: http://localhost:3000',
  level: 'info',
  timestamp: '2024-09-03 15:47:01'
}
{
  message: 'MongoDB is connected Successfully',
  level: 'info',
  timestamp: '2024-09-03 15:47:01'
}
{
  message: 'Server Started \n' +
    ' Server Running on Port 3000 \n' +
    ' Visit: http://localhost:3000',
  level: 'info',
  timestamp: '2024-09-03 15:47:43'
}
{
  message: 'MongoDB is connected Successfully',
  level: 'info',
  timestamp: '2024-09-03 15:47:43'
}
{
  message: 'Server Started \n' +
    ' Server Running on Port 3000 \n' +
    ' Visit: http://localhost:3000',
  level: 'info',
  timestamp: '2024-09-03 15:48:02'
}
{
  message: 'MongoDB is connected Successfully',
  level: 'info',
  timestamp: '2024-09-03 15:48:02'
}
{
  message: 'Server Started \n' +
    ' Server Running on Port 3000 \n' +
    ' Visit: http://localhost:3000',
  level: 'info',
  timestamp: '2024-09-03 15:48:12'
}
{
  message: 'MongoDB is connected Successfully',
  level: 'info',
  timestamp: '2024-09-03 15:48:12'
}
{
  message: 'Server Started \n' +
    ' Server Running on Port 3000 \n' +
    ' Visit: http://localhost:3000',
  level: 'info',
  timestamp: '2024-09-03 15:48:38'
}
{
  message: 'MongoDB is connected Successfully',
  level: 'info',
  timestamp: '2024-09-03 15:48:38'
}
{
  message: 'Server Started \n' +
    ' Server Running on Port 3000 \n' +
    ' Visit: http://localhost:3000',
  level: 'info',
  timestamp: '2024-09-03 15:48:53'
}
{
  message: 'MongoDB is connected Successfully',
  level: 'info',
  timestamp: '2024-09-03 15:48:54'
}
{
  message: 'Server Started \n' +
    ' Server Running on Port 3000 \n' +
    ' Visit: http://localhost:3000',
  level: 'info',
  timestamp: '2024-09-03 15:49:23'
}
{
  message: 'MongoDB is connected Successfully',
  level: 'info',
  timestamp: '2024-09-03 15:49:23'
}
{
  message: 'Server Started \n' +
    ' Server Running on Port 3000 \n' +
    ' Visit: http://localhost:3000',
  level: 'info',
  timestamp: '2024-09-03 15:50:21'
}
{
  message: 'MongoDB is connected Successfully',
  level: 'info',
  timestamp: '2024-09-03 15:50:21'
}
{
  message: 'Server Started \n' +
    ' Server Running on Port 3000 \n' +
    ' Visit: http://localhost:3000',
  level: 'info',
  timestamp: '2024-09-03 15:50:53'
}
{
  message: 'MongoDB is connected Successfully',
  level: 'info',
  timestamp: '2024-09-03 15:50:53'
}
{
  message: 'Server Started \n' +
    ' Server Running on Port 3000 \n' +
    ' Visit: http://localhost:3000',
  level: 'info',
  timestamp: '2024-09-03 15:52:53'
}
{
  message: 'MongoDB is connected Successfully',
  level: 'info',
  timestamp: '2024-09-03 15:52:53'
}
{
  message: 'Server Started \n' +
    ' Server Running on Port 3000 \n' +
    ' Visit: http://localhost:3000',
  level: 'info',
  timestamp: '2024-09-03 15:53:12'
}
{
  message: 'MongoDB is connected Successfully',
  level: 'info',
  timestamp: '2024-09-03 15:53:12'
}
{
  message: 'Server Started \n' +
    ' Server Running on Port 3000 \n' +
    ' Visit: http://localhost:3000',
  level: 'info',
  timestamp: '2024-09-03 15:53:30'
}
{
  message: 'MongoDB is connected Successfully',
  level: 'info',
  timestamp: '2024-09-03 15:53:30'
}
{
  message: 'Server Started \n' +
    ' Server Running on Port 3000 \n' +
    ' Visit: http://localhost:3000',
  level: 'info',
  timestamp: '2024-09-03 15:54:12'
}
{
  message: 'MongoDB is connected Successfully',
  level: 'info',
  timestamp: '2024-09-03 15:54:12'
}
{
  message: 'Server Started \n' +
    ' Server Running on Port 3000 \n' +
    ' Visit: http://localhost:3000',
  level: 'info',
  timestamp: '2024-09-03 15:54:29'
}
{
  message: 'MongoDB is connected Successfully',
  level: 'info',
  timestamp: '2024-09-03 15:54:29'
}
{
  message: 'Server Started \n' +
    ' Server Running on Port 3000 \n' +
    ' Visit: http://localhost:3000',
  level: 'info',
  timestamp: '2024-09-03 15:55:10'
}
{
  message: 'MongoDB is connected Successfully',
  level: 'info',
  timestamp: '2024-09-03 15:55:10'
}
{
  message: 'Server Started \n' +
    ' Server Running on Port 3000 \n' +
    ' Visit: http://localhost:3000',
  level: 'info',
  timestamp: '2024-09-03 15:55:57'
}
{
  message: 'MongoDB is connected Successfully',
  level: 'info',
  timestamp: '2024-09-03 15:55:57'
}
{
  message: 'Server Started \n' +
    ' Server Running on Port 3000 \n' +
    ' Visit: http://localhost:3000',
  level: 'info',
  timestamp: '2024-09-03 15:56:45'
}
{
  message: 'MongoDB is connected Successfully',
  level: 'info',
  timestamp: '2024-09-03 15:56:46'
}
{
  message: 'Server Started \n' +
    ' Server Running on Port 3000 \n' +
    ' Visit: http://localhost:3000',
  level: 'info',
  timestamp: '2024-09-03 15:59:00'
}
{
  message: 'MongoDB is connected Successfully',
  level: 'info',
  timestamp: '2024-09-03 15:59:00'
}
{
  message: 'Server Started \n' +
    ' Server Running on Port 3000 \n' +
    ' Visit: http://localhost:3000',
  level: 'info',
  timestamp: '2024-09-03 16:00:56'
}
{
  message: 'MongoDB is connected Successfully',
  level: 'info',
  timestamp: '2024-09-03 16:00:56'
}
{
  message: 'Server Started \n' +
    ' Server Running on Port 3000 \n' +
    ' Visit: http://localhost:3000',
  level: 'info',
  timestamp: '2024-09-03 16:01:55'
}
{
  message: 'MongoDB is connected Successfully',
  level: 'info',
  timestamp: '2024-09-03 16:01:55'
}
{
  message: 'Server Started \n' +
    ' Server Running on Port 3000 \n' +
    ' Visit: http://localhost:3000',
  level: 'info',
  timestamp: '2024-09-03 16:02:39'
}
{
  message: 'MongoDB is connected Successfully',
  level: 'info',
  timestamp: '2024-09-03 16:02:40'
}
{
  message: 'Server Started \n' +
    ' Server Running on Port 3000 \n' +
    ' Visit: http://localhost:3000',
  level: 'info',
  timestamp: '2024-09-03 16:02:55'
}
{
  message: 'MongoDB is connected Successfully',
  level: 'info',
  timestamp: '2024-09-03 16:02:55'
}
{
  message: 'Server Started \n' +
    ' Server Running on Port 3000 \n' +
    ' Visit: http://localhost:3000',
  level: 'info',
  timestamp: '2024-09-03 16:03:19'
}
{
  message: 'MongoDB is connected Successfully',
  level: 'info',
  timestamp: '2024-09-03 16:03:20'
}
{
  message: 'Server Started \n' +
    ' Server Running on Port 3000 \n' +
    ' Visit: http://localhost:3000',
  level: 'info',
  timestamp: '2024-09-03 16:04:08'
}
{
  message: 'MongoDB is connected Successfully',
  level: 'info',
  timestamp: '2024-09-03 16:04:08'
}
{
  message: 'Server Started \n' +
    ' Server Running on Port 3000 \n' +
    ' Visit: http://localhost:3000',
  level: 'info',
  timestamp: '2024-09-03 16:04:25'
}
{
  message: 'MongoDB is connected Successfully',
  level: 'info',
  timestamp: '2024-09-03 16:04:25'
}
{
  message: 'Server Started \n' +
    ' Server Running on Port 3000 \n' +
    ' Visit: http://localhost:3000',
  level: 'info',
  timestamp: '2024-09-03 16:04:46'
}
{
  message: 'MongoDB is connected Successfully',
  level: 'info',
  timestamp: '2024-09-03 16:04:46'
}
{
  message: 'Server Started \n' +
    ' Server Running on Port 3000 \n' +
    ' Visit: http://localhost:3000',
  level: 'info',
  timestamp: '2024-09-03 16:05:49'
}
{
  message: 'MongoDB is connected Successfully',
  level: 'info',
  timestamp: '2024-09-03 16:05:49'
}
{
  message: 'Server Started \n' +
    ' Server Running on Port 3000 \n' +
    ' Visit: http://localhost:3000',
  level: 'info',
  timestamp: '2024-09-03 16:06:45'
}
{
  message: 'MongoDB is connected Successfully',
  level: 'info',
  timestamp: '2024-09-03 16:06:45'
}
{
  message: 'Server Started \n' +
    ' Server Running on Port 3000 \n' +
    ' Visit: http://localhost:3000',
  level: 'info',
  timestamp: '2024-09-03 16:06:59'
}
{
  message: 'MongoDB is connected Successfully',
  level: 'info',
  timestamp: '2024-09-03 16:06:59'
}
{
  message: 'Server Started \n' +
    ' Server Running on Port 3000 \n' +
    ' Visit: http://localhost:3000',
  level: 'info',
  timestamp: '2024-09-03 16:07:25'
}
{
  message: 'MongoDB is connected Successfully',
  level: 'info',
  timestamp: '2024-09-03 16:07:25'
}
{
  message: 'Server Started \n' +
    ' Server Running on Port 3000 \n' +
    ' Visit: http://localhost:3000',
  level: 'info',
  timestamp: '2024-09-03 16:07:48'
}
{
  message: 'MongoDB is connected Successfully',
  level: 'info',
  timestamp: '2024-09-03 16:07:48'
}
{
  message: 'Server Started \n' +
    ' Server Running on Port 3000 \n' +
    ' Visit: http://localhost:3000',
  level: 'info',
  timestamp: '2024-09-03 16:08:24'
}
{
  message: 'MongoDB is connected Successfully',
  level: 'info',
  timestamp: '2024-09-03 16:08:24'
}
{
  message: 'Server Started \n' +
    ' Server Running on Port 3000 \n' +
    ' Visit: http://localhost:3000',
  level: 'info',
  timestamp: '2024-09-03 16:09:11'
}
{
  message: 'MongoDB is connected Successfully',
  level: 'info',
  timestamp: '2024-09-03 16:09:11'
}
{
  message: 'Server Started \n' +
    ' Server Running on Port 3000 \n' +
    ' Visit: http://localhost:3000',
  level: 'info',
  timestamp: '2024-09-03 16:11:45'
}
{
  message: 'MongoDB is connected Successfully',
  level: 'info',
  timestamp: '2024-09-03 16:11:45'
}
{
  message: 'Server Started \n' +
    ' Server Running on Port 3000 \n' +
    ' Visit: http://localhost:3000',
  level: 'info',
  timestamp: '2024-09-03 16:13:16'
}
{
  message: 'MongoDB is connected Successfully',
  level: 'info',
  timestamp: '2024-09-03 16:13:16'
}
{
  message: 'Incoming Request: [PATCH] /presence/update-status?userId=66d18ad999066719df28bc0a&status=online',
  level: 'info',
  timestamp: '2024-09-03 16:13:46'
}
{
  message: 'Server Started \n' +
    ' Server Running on Port 3000 \n' +
    ' Visit: http://localhost:3000',
  level: 'info',
  timestamp: '2024-09-03 16:14:25'
}
{
  message: 'MongoDB is connected Successfully',
  level: 'info',
  timestamp: '2024-09-03 16:14:25'
}
{
  message: 'Incoming Request: [PATCH] /presence/update-status?userId=66d18ad999066719df28bc0a&status=online',
  level: 'info',
  timestamp: '2024-09-03 16:14:26'
}
{
  message: 'Server Started \n' +
    ' Server Running on Port 3000 \n' +
    ' Visit: http://localhost:3000',
  level: 'info',
  timestamp: '2024-09-03 16:16:01'
}
{
  message: 'MongoDB is connected Successfully',
  level: 'info',
  timestamp: '2024-09-03 16:16:01'
}
{
  message: 'Server Started \n' +
    ' Server Running on Port 3000 \n' +
    ' Visit: http://localhost:3000',
  level: 'info',
  timestamp: '2024-09-03 16:19:57'
}
{
  message: 'MongoDB is connected Successfully',
  level: 'info',
  timestamp: '2024-09-03 16:19:57'
}
{
  message: 'Incoming Request: [PATCH] /presence/update-status?userId=66d18ad999066719df28bc0a&status=online',
  level: 'info',
  timestamp: '2024-09-03 16:19:59'
}
{
  message: 'Server Started \n' +
    ' Server Running on Port 3000 \n' +
    ' Visit: http://localhost:3000',
  level: 'info',
  timestamp: '2024-09-03 16:22:15'
}
{
  message: 'MongoDB is connected Successfully',
  level: 'info',
  timestamp: '2024-09-03 16:22:15'
}
{
  message: 'Incoming Request: [PATCH] /presence/update-status?userId=66d18ad999066719df28bc0a&status=online',
  level: 'info',
  timestamp: '2024-09-03 16:22:17'
}
{
  message: 'Incoming Request: [PATCH] /presence/update-status?userId=66d18ad999066719df28bc0a&status=offline',
  level: 'info',
  timestamp: '2024-09-03 16:22:44'
}
{
  message: 'Incoming Request: [PATCH] /presence/update-status?userId=66d18ad999066719df28bc0a&status=offline',
  level: 'info',
  timestamp: '2024-09-03 16:23:00'
}
{
  message: 'Server Started \n' +
    ' Server Running on Port 3000 \n' +
    ' Visit: http://localhost:3000',
  level: 'info',
  timestamp: '2024-09-03 16:23:43'
}
{
  message: 'MongoDB is connected Successfully',
  level: 'info',
  timestamp: '2024-09-03 16:23:43'
}
{
  message: 'Incoming Request: [PATCH] /presence/update-status?userId=66d18ad999066719df28bc0a&status=offline',
  level: 'info',
  timestamp: '2024-09-03 16:23:46'
}
{
  message: 'Server Started \n' +
    ' Server Running on Port 3000 \n' +
    ' Visit: http://localhost:3000',
  level: 'info',
  timestamp: '2024-09-03 16:26:17'
}
{
  message: 'MongoDB is connected Successfully',
  level: 'info',
  timestamp: '2024-09-03 16:26:17'
}
{
  message: 'Incoming Request: [GET] /presence/get-status/66d18ad999066719df28bc0a',
  level: 'info',
  timestamp: '2024-09-03 16:27:48'
}
{
  message: 'Server Started \n' +
    ' Server Running on Port 3000 \n' +
    ' Visit: http://localhost:3000',
  level: 'info',
  timestamp: '2024-09-03 16:28:54'
}
{
  message: 'MongoDB is connected Successfully',
  level: 'info',
  timestamp: '2024-09-03 16:28:54'
}
{
  message: 'Incoming Request: [GET] /presence/get-status/66d18ad999066719df28bc0a',
  level: 'info',
  timestamp: '2024-09-03 16:29:00'
}
{
  message: 'User:66d18ad999066719df28bc0a is Offline',
  level: 'info',
  timestamp: '2024-09-03 16:29:00'
}
{
  message: 'Incoming Request: [PATCH] /presence/update-status?userId=66d18ad999066719df28bc0a&status=online',
  level: 'info',
  timestamp: '2024-09-03 16:29:24'
}
{
  message: 'Incoming Request: [GET] /presence/get-status/66d18ad999066719df28bc0a',
  level: 'info',
  timestamp: '2024-09-03 16:29:28'
}
{
  message: 'User:66d18ad999066719df28bc0a is Online',
  level: 'info',
  timestamp: '2024-09-03 16:29:28'
}
