{
  name: 'MulterError',
  message: 'Unexpected field',
  code: 'LIMIT_UNEXPECTED_FILE',
  field: 'file',
  storageErrors: [],
  level: 'error',
  timestamp: '2024-08-22 18:32:48'
}
{
  name: 'MulterError',
  message: 'Unexpected field',
  trace: 'MulterError: Unexpected field\n' +
    '    at wrappedFileFilter (C:\\Users\\athithian.v\\Desktop\\chatup\\node_modules\\multer\\index.js:40:19)\n' +
    '    at Multipart.<anonymous> (C:\\Users\\athithian.v\\Desktop\\chatup\\node_modules\\multer\\lib\\make-middleware.js:107:7)\n' +
    '    at Multipart.emit (node:events:519:28)\n' +
    '    at Multipart.emit (node:domain:488:12)\n' +
    '    at HeaderParser.cb (C:\\Users\\athithian.v\\Desktop\\chatup\\node_modules\\busboy\\lib\\types\\multipart.js:358:14)\n' +
    '    at HeaderParser.push (C:\\Users\\athithian.v\\Desktop\\chatup\\node_modules\\busboy\\lib\\types\\multipart.js:162:20)\n' +
    '    at SBMH.ssCb [as _cb] (C:\\Users\\athithian.v\\Desktop\\chatup\\node_modules\\busboy\\lib\\types\\multipart.js:394:37)\n' +
    '    at feed (C:\\Users\\athithian.v\\Desktop\\chatup\\node_modules\\streamsearch\\lib\\sbmh.js:219:14)\n' +
    '    at SBMH.push (C:\\Users\\athithian.v\\Desktop\\chatup\\node_modules\\streamsearch\\lib\\sbmh.js:104:16)\n' +
    '    at Multipart._write (C:\\Users\\athithian.v\\Desktop\\chatup\\node_modules\\busboy\\lib\\types\\multipart.js:567:19)',
  level: 'error',
  timestamp: '2024-08-22 18:32:48'
}
{
  name: 'CastError',
  message: 'Cast to ObjectId failed for value "toggle-online" (type string) at path "_id" for model "User"',
  trace: 'CastError: Cast to ObjectId failed for value "toggle-online" (type string) at path "_id" for model "User"\n' +
    '    at SchemaObjectId.cast (C:\\Users\\athithian.v\\Desktop\\chatup\\node_modules\\mongoose\\lib\\schema\\objectId.js:250:11)\n' +
    '    at SchemaObjectId.SchemaType.applySetters (C:\\Users\\athithian.v\\Desktop\\chatup\\node_modules\\mongoose\\lib\\schemaType.js:1236:12)\n' +
    '    at SchemaObjectId.SchemaType.castForQuery (C:\\Users\\athithian.v\\Desktop\\chatup\\node_modules\\mongoose\\lib\\schemaType.js:1653:17)\n' +
    '    at cast (C:\\Users\\athithian.v\\Desktop\\chatup\\node_modules\\mongoose\\lib\\cast.js:375:32)\n' +
    '    at model.Query.Query.cast (C:\\Users\\athithian.v\\Desktop\\chatup\\node_modules\\mongoose\\lib\\query.js:4857:12)\n' +
    '    at model.Query.Query._castConditions (C:\\Users\\athithian.v\\Desktop\\chatup\\node_modules\\mongoose\\lib\\query.js:2265:10)\n' +
    '    at model.Query._findOne (C:\\Users\\athithian.v\\Desktop\\chatup\\node_modules\\mongoose\\lib\\query.js:2585:8)\n' +
    '    at model.Query.exec (C:\\Users\\athithian.v\\Desktop\\chatup\\node_modules\\mongoose\\lib\\query.js:4401:80)\n' +
    '    at processTicksAndRejections (node:internal/process/task_queues:95:5)',
  level: 'error',
  timestamp: '2024-08-22 18:41:47'
}
{
  name: 'CastError',
  message: 'Cast to ObjectId failed for value "toggle-online" (type string) at path "_id" for model "User"',
  trace: 'CastError: Cast to ObjectId failed for value "toggle-online" (type string) at path "_id" for model "User"\n' +
    '    at SchemaObjectId.cast (C:\\Users\\athithian.v\\Desktop\\chatup\\node_modules\\mongoose\\lib\\schema\\objectId.js:250:11)\n' +
    '    at SchemaObjectId.SchemaType.applySetters (C:\\Users\\athithian.v\\Desktop\\chatup\\node_modules\\mongoose\\lib\\schemaType.js:1236:12)\n' +
    '    at SchemaObjectId.SchemaType.castForQuery (C:\\Users\\athithian.v\\Desktop\\chatup\\node_modules\\mongoose\\lib\\schemaType.js:1653:17)\n' +
    '    at cast (C:\\Users\\athithian.v\\Desktop\\chatup\\node_modules\\mongoose\\lib\\cast.js:375:32)\n' +
    '    at model.Query.Query.cast (C:\\Users\\athithian.v\\Desktop\\chatup\\node_modules\\mongoose\\lib\\query.js:4857:12)\n' +
    '    at model.Query.Query._castConditions (C:\\Users\\athithian.v\\Desktop\\chatup\\node_modules\\mongoose\\lib\\query.js:2265:10)\n' +
    '    at model.Query._findOne (C:\\Users\\athithian.v\\Desktop\\chatup\\node_modules\\mongoose\\lib\\query.js:2585:8)\n' +
    '    at model.Query.exec (C:\\Users\\athithian.v\\Desktop\\chatup\\node_modules\\mongoose\\lib\\query.js:4401:80)\n' +
    '    at processTicksAndRejections (node:internal/process/task_queues:95:5)',
  level: 'error',
  timestamp: '2024-08-22 18:44:31'
}
{
  message: 'Login Attempt failed for email: athithianv@gmail.com',
  level: 'error',
  timestamp: '2024-08-23 16:16:57'
}
{
  name: 'CastError',
  message: 'Cast to ObjectId failed for value "Athithian" (type string) at path "participants" for model "PrivateChat"',
  trace: 'CastError: Cast to ObjectId failed for value "Athithian" (type string) at path "participants" for model "PrivateChat"\n' +
    '    at SchemaObjectId.cast (C:\\Users\\athithian.v\\Desktop\\chatup\\node_modules\\mongoose\\lib\\schema\\objectId.js:250:11)\n' +
    '    at SchemaObjectId.SchemaType.applySetters (C:\\Users\\athithian.v\\Desktop\\chatup\\node_modules\\mongoose\\lib\\schemaType.js:1236:12)\n' +
    '    at SchemaObjectId.SchemaType.castForQuery (C:\\Users\\athithian.v\\Desktop\\chatup\\node_modules\\mongoose\\lib\\schemaType.js:1653:17)\n' +
    '    at C:\\Users\\athithian.v\\Desktop\\chatup\\node_modules\\mongoose\\lib\\schema\\array.js:526:31\n' +
    '    at Array.map (<anonymous>)\n' +
    '    at SchemaArray._castForQuery (C:\\Users\\athithian.v\\Desktop\\chatup\\node_modules\\mongoose\\lib\\schema\\array.js:521:15)\n' +
    '    at SchemaArray.castForQuery (C:\\Users\\athithian.v\\Desktop\\chatup\\node_modules\\mongoose\\lib\\schema\\array.js:574:17)\n' +
    '    at SchemaArray.cast$all (C:\\Users\\athithian.v\\Desktop\\chatup\\node_modules\\mongoose\\lib\\schema\\array.js:596:15)\n' +
    '    at SchemaArray.castForQuery (C:\\Users\\athithian.v\\Desktop\\chatup\\node_modules\\mongoose\\lib\\schema\\array.js:572:20)\n' +
    '    at cast (C:\\Users\\athithian.v\\Desktop\\chatup\\node_modules\\mongoose\\lib\\cast.js:352:39)',
  level: 'error',
  timestamp: '2024-08-23 16:29:29'
}
{
  name: 'CastError',
  message: 'Cast to ObjectId failed for value "Athithian" (type string) at path "participants" for model "PrivateChat"',
  trace: 'CastError: Cast to ObjectId failed for value "Athithian" (type string) at path "participants" for model "PrivateChat"\n' +
    '    at SchemaObjectId.cast (C:\\Users\\athithian.v\\Desktop\\chatup\\node_modules\\mongoose\\lib\\schema\\objectId.js:250:11)\n' +
    '    at SchemaObjectId.SchemaType.applySetters (C:\\Users\\athithian.v\\Desktop\\chatup\\node_modules\\mongoose\\lib\\schemaType.js:1236:12)\n' +
    '    at SchemaObjectId.SchemaType.castForQuery (C:\\Users\\athithian.v\\Desktop\\chatup\\node_modules\\mongoose\\lib\\schemaType.js:1653:17)\n' +
    '    at C:\\Users\\athithian.v\\Desktop\\chatup\\node_modules\\mongoose\\lib\\schema\\array.js:526:31\n' +
    '    at Array.map (<anonymous>)\n' +
    '    at SchemaArray._castForQuery (C:\\Users\\athithian.v\\Desktop\\chatup\\node_modules\\mongoose\\lib\\schema\\array.js:521:15)\n' +
    '    at SchemaArray.castForQuery (C:\\Users\\athithian.v\\Desktop\\chatup\\node_modules\\mongoose\\lib\\schema\\array.js:574:17)\n' +
    '    at SchemaArray.cast$all (C:\\Users\\athithian.v\\Desktop\\chatup\\node_modules\\mongoose\\lib\\schema\\array.js:596:15)\n' +
    '    at SchemaArray.castForQuery (C:\\Users\\athithian.v\\Desktop\\chatup\\node_modules\\mongoose\\lib\\schema\\array.js:572:20)\n' +
    '    at cast (C:\\Users\\athithian.v\\Desktop\\chatup\\node_modules\\mongoose\\lib\\cast.js:352:39)',
  level: 'error',
  timestamp: '2024-08-23 16:34:06'
}
{
  name: 'CastError',
  message: 'Cast to ObjectId failed for value "Athithian" (type string) at path "participants" for model "PrivateChat"',
  trace: 'CastError: Cast to ObjectId failed for value "Athithian" (type string) at path "participants" for model "PrivateChat"\n' +
    '    at SchemaObjectId.cast (C:\\Users\\athithian.v\\Desktop\\chatup\\node_modules\\mongoose\\lib\\schema\\objectId.js:250:11)\n' +
    '    at SchemaObjectId.SchemaType.applySetters (C:\\Users\\athithian.v\\Desktop\\chatup\\node_modules\\mongoose\\lib\\schemaType.js:1236:12)\n' +
    '    at SchemaObjectId.SchemaType.castForQuery (C:\\Users\\athithian.v\\Desktop\\chatup\\node_modules\\mongoose\\lib\\schemaType.js:1653:17)\n' +
    '    at C:\\Users\\athithian.v\\Desktop\\chatup\\node_modules\\mongoose\\lib\\schema\\array.js:526:31\n' +
    '    at Array.map (<anonymous>)\n' +
    '    at SchemaArray._castForQuery (C:\\Users\\athithian.v\\Desktop\\chatup\\node_modules\\mongoose\\lib\\schema\\array.js:521:15)\n' +
    '    at SchemaArray.castForQuery (C:\\Users\\athithian.v\\Desktop\\chatup\\node_modules\\mongoose\\lib\\schema\\array.js:574:17)\n' +
    '    at SchemaArray.cast$all (C:\\Users\\athithian.v\\Desktop\\chatup\\node_modules\\mongoose\\lib\\schema\\array.js:596:15)\n' +
    '    at SchemaArray.castForQuery (C:\\Users\\athithian.v\\Desktop\\chatup\\node_modules\\mongoose\\lib\\schema\\array.js:572:20)\n' +
    '    at cast (C:\\Users\\athithian.v\\Desktop\\chatup\\node_modules\\mongoose\\lib\\cast.js:352:39)',
  level: 'error',
  timestamp: '2024-08-23 16:35:50'
}
{
  errno: -4058,
  code: 'ENOENT',
  syscall: 'open',
  path: 'C:\\Users\\athithian.v\\Desktop\\chatup\\.public\\uploads\\profile\\original\\Profile-1724758989718.png',
  storageErrors: [],
  level: 'error',
  timestamp: '2024-08-27 17:13:09'
}
{
  name: 'Error',
  message: "ENOENT: no such file or directory, open 'C:\\Users\\athithian.v\\Desktop\\chatup\\.public\\uploads\\profile\\original\\Profile-1724758989718.png'",
  trace: "Error: ENOENT: no such file or directory, open 'C:\\Users\\athithian.v\\Desktop\\chatup\\.public\\uploads\\profile\\original\\Profile-1724758989718.png'",
  level: 'error',
  timestamp: '2024-08-27 17:13:09'
}
{
  name: 'Error',
  message: 'Input file is missing: ./public/upload/groupIcon./original/Profile-1724759108910.png',
  trace: 'Error: Input file is missing: ./public/upload/groupIcon./original/Profile-1724759108910.png\n' +
    '    at Sharp.toFile (C:\\Users\\athithian.v\\Desktop\\chatup\\node_modules\\sharp\\lib\\output.js:90:19)\n' +
    '    at C:\\Users\\athithian.v\\Desktop\\chatup\\src\\utils\\compressImage.ts:7:10\n' +
    '    at Generator.next (<anonymous>)\n' +
    '    at C:\\Users\\athithian.v\\Desktop\\chatup\\src\\utils\\compressImage.ts:8:71\n' +
    '    at new Promise (<anonymous>)\n' +
    '    at __awaiter (C:\\Users\\athithian.v\\Desktop\\chatup\\src\\utils\\compressImage.ts:4:12)\n' +
    '    at compressImage (C:\\Users\\athithian.v\\Desktop\\chatup\\src\\utils\\compressImage.ts:3:82)\n' +
    '    at UserRepository.<anonymous> (C:\\Users\\athithian.v\\Desktop\\chatup\\src\\features\\user\\repository.ts:51:32)\n' +
    '    at Generator.next (<anonymous>)\n' +
    '    at fulfilled (C:\\Users\\athithian.v\\Desktop\\chatup\\src\\features\\user\\repository.ts:5:58)',
  level: 'error',
  timestamp: '2024-08-27 17:15:09'
}
{
  name: 'Error',
  message: 'Input file is missing: ./public/upload/profile./original/Profile-1724759188648.png',
  trace: 'Error: Input file is missing: ./public/upload/profile./original/Profile-1724759188648.png\n' +
    '    at Sharp.toFile (C:\\Users\\athithian.v\\Desktop\\chatup\\node_modules\\sharp\\lib\\output.js:90:19)\n' +
    '    at C:\\Users\\athithian.v\\Desktop\\chatup\\src\\utils\\compressImage.ts:7:10\n' +
    '    at Generator.next (<anonymous>)\n' +
    '    at C:\\Users\\athithian.v\\Desktop\\chatup\\src\\utils\\compressImage.ts:8:71\n' +
    '    at new Promise (<anonymous>)\n' +
    '    at __awaiter (C:\\Users\\athithian.v\\Desktop\\chatup\\src\\utils\\compressImage.ts:4:12)\n' +
    '    at compressImage (C:\\Users\\athithian.v\\Desktop\\chatup\\src\\utils\\compressImage.ts:3:82)\n' +
    '    at UserRepository.<anonymous> (C:\\Users\\athithian.v\\Desktop\\chatup\\src\\features\\user\\repository.ts:51:32)\n' +
    '    at Generator.next (<anonymous>)\n' +
    '    at fulfilled (C:\\Users\\athithian.v\\Desktop\\chatup\\src\\features\\user\\repository.ts:5:58)',
  level: 'error',
  timestamp: '2024-08-27 17:16:28'
}
{
  name: 'Error',
  message: 'Input file is missing: ./public/upload/profile/original/Profile-1724759225180.png',
  trace: 'Error: Input file is missing: ./public/upload/profile/original/Profile-1724759225180.png\n' +
    '    at Sharp.toFile (C:\\Users\\athithian.v\\Desktop\\chatup\\node_modules\\sharp\\lib\\output.js:90:19)\n' +
    '    at C:\\Users\\athithian.v\\Desktop\\chatup\\src\\utils\\compressImage.ts:7:10\n' +
    '    at Generator.next (<anonymous>)\n' +
    '    at C:\\Users\\athithian.v\\Desktop\\chatup\\src\\utils\\compressImage.ts:8:71\n' +
    '    at new Promise (<anonymous>)\n' +
    '    at __awaiter (C:\\Users\\athithian.v\\Desktop\\chatup\\src\\utils\\compressImage.ts:4:12)\n' +
    '    at compressImage (C:\\Users\\athithian.v\\Desktop\\chatup\\src\\utils\\compressImage.ts:3:82)\n' +
    '    at UserRepository.<anonymous> (C:\\Users\\athithian.v\\Desktop\\chatup\\src\\features\\user\\repository.ts:51:32)\n' +
    '    at Generator.next (<anonymous>)\n' +
    '    at fulfilled (C:\\Users\\athithian.v\\Desktop\\chatup\\src\\features\\user\\repository.ts:5:58)',
  level: 'error',
  timestamp: '2024-08-27 17:17:05'
}
{
  name: 'MongoServerError',
  message: 'Transaction numbers are only allowed on a replica set member or mongos',
  trace: 'MongoServerError: Transaction numbers are only allowed on a replica set member or mongos\n' +
    '    at Connection.sendCommand (C:\\Users\\athithian.v\\Desktop\\chatup\\node_modules\\mongodb\\src\\cmap\\connection.ts:526:17)\n' +
    '    at processTicksAndRejections (node:internal/process/task_queues:95:5)\n' +
    '    at async Connection.command (C:\\Users\\athithian.v\\Desktop\\chatup\\node_modules\\mongodb\\src\\cmap\\connection.ts:609:22)\n' +
    '    at async Server.command (C:\\Users\\athithian.v\\Desktop\\chatup\\node_modules\\mongodb\\src\\sdam\\server.ts:326:16)\n' +
    '    at async InsertOneOperation.executeCommand (C:\\Users\\athithian.v\\Desktop\\chatup\\node_modules\\mongodb\\src\\operations\\command.ts:155:12)\n' +
    '    at async InsertOneOperation.execute (C:\\Users\\athithian.v\\Desktop\\chatup\\node_modules\\mongodb\\src\\operations\\insert.ts:50:12)\n' +
    '    at async InsertOneOperation.execute (C:\\Users\\athithian.v\\Desktop\\chatup\\node_modules\\mongodb\\src\\operations\\insert.ts:79:17)\n' +
    '    at async executeOperation (C:\\Users\\athithian.v\\Desktop\\chatup\\node_modules\\mongodb\\src\\operations\\execute_operation.ts:196:12)\n' +
    '    at async Collection.insertOne (C:\\Users\\athithian.v\\Desktop\\chatup\\node_modules\\mongodb\\src\\collection.ts:269:12)',
  level: 'error',
  timestamp: '2024-08-28 16:18:03'
}
{
  name: 'MongoServerError',
  message: 'Transaction numbers are only allowed on a replica set member or mongos',
  trace: 'MongoServerError: Transaction numbers are only allowed on a replica set member or mongos\n' +
    '    at Connection.sendCommand (C:\\Users\\athithian.v\\Desktop\\chatup\\node_modules\\mongodb\\src\\cmap\\connection.ts:526:17)\n' +
    '    at processTicksAndRejections (node:internal/process/task_queues:95:5)\n' +
    '    at async Connection.command (C:\\Users\\athithian.v\\Desktop\\chatup\\node_modules\\mongodb\\src\\cmap\\connection.ts:609:22)\n' +
    '    at async Server.command (C:\\Users\\athithian.v\\Desktop\\chatup\\node_modules\\mongodb\\src\\sdam\\server.ts:326:16)\n' +
    '    at async InsertOneOperation.executeCommand (C:\\Users\\athithian.v\\Desktop\\chatup\\node_modules\\mongodb\\src\\operations\\command.ts:155:12)\n' +
    '    at async InsertOneOperation.execute (C:\\Users\\athithian.v\\Desktop\\chatup\\node_modules\\mongodb\\src\\operations\\insert.ts:50:12)\n' +
    '    at async InsertOneOperation.execute (C:\\Users\\athithian.v\\Desktop\\chatup\\node_modules\\mongodb\\src\\operations\\insert.ts:79:17)\n' +
    '    at async executeOperation (C:\\Users\\athithian.v\\Desktop\\chatup\\node_modules\\mongodb\\src\\operations\\execute_operation.ts:196:12)\n' +
    '    at async Collection.insertOne (C:\\Users\\athithian.v\\Desktop\\chatup\\node_modules\\mongodb\\src\\collection.ts:269:12)',
  level: 'error',
  timestamp: '2024-08-28 17:37:25'
}
{
  name: 'MissingSchemaError',
  message: `Schema hasn't been registered for model "Message".\n` +
    'Use mongoose.model(name, schema)',
  trace: `MissingSchemaError: Schema hasn't been registered for model "Message".\n` +
    'Use mongoose.model(name, schema)\n' +
    '    at NativeConnection.Connection.model (C:\\Users\\athithian.v\\Desktop\\chatup\\node_modules\\mongoose\\lib\\connection.js:1218:13)\n' +
    '    at _getModelFromConn (C:\\Users\\athithian.v\\Desktop\\chatup\\node_modules\\mongoose\\lib\\helpers\\populate\\getModelsMapForPopulate.js:569:15)\n' +
    '    at addModelNamesToMap (C:\\Users\\athithian.v\\Desktop\\chatup\\node_modules\\mongoose\\lib\\helpers\\populate\\getModelsMapForPopulate.js:496:17)\n' +
    '    at getModelsMapForPopulate (C:\\Users\\athithian.v\\Desktop\\chatup\\node_modules\\mongoose\\lib\\helpers\\populate\\getModelsMapForPopulate.js:200:7)\n' +
    '    at populate (C:\\Users\\athithian.v\\Desktop\\chatup\\node_modules\\mongoose\\lib\\model.js:4183:21)\n' +
    '    at _populate (C:\\Users\\athithian.v\\Desktop\\chatup\\node_modules\\mongoose\\lib\\model.js:4143:5)\n' +
    '    at C:\\Users\\athithian.v\\Desktop\\chatup\\node_modules\\mongoose\\lib\\model.js:4115:5\n' +
    '    at new Promise (<anonymous>)\n' +
    '    at Function.populate (C:\\Users\\athithian.v\\Desktop\\chatup\\node_modules\\mongoose\\lib\\model.js:4114:10)\n' +
    '    at C:\\Users\\athithian.v\\Desktop\\chatup\\node_modules\\mongoose\\lib\\query.js:2542:11',
  level: 'error',
  timestamp: '2024-08-28 18:18:52'
}
{
  name: 'MissingSchemaError',
  message: `Schema hasn't been registered for model "Message".\n` +
    'Use mongoose.model(name, schema)',
  trace: `MissingSchemaError: Schema hasn't been registered for model "Message".\n` +
    'Use mongoose.model(name, schema)\n' +
    '    at NativeConnection.Connection.model (C:\\Users\\athithian.v\\Desktop\\chatup\\node_modules\\mongoose\\lib\\connection.js:1218:13)\n' +
    '    at _getModelFromConn (C:\\Users\\athithian.v\\Desktop\\chatup\\node_modules\\mongoose\\lib\\helpers\\populate\\getModelsMapForPopulate.js:569:15)\n' +
    '    at addModelNamesToMap (C:\\Users\\athithian.v\\Desktop\\chatup\\node_modules\\mongoose\\lib\\helpers\\populate\\getModelsMapForPopulate.js:496:17)\n' +
    '    at getModelsMapForPopulate (C:\\Users\\athithian.v\\Desktop\\chatup\\node_modules\\mongoose\\lib\\helpers\\populate\\getModelsMapForPopulate.js:200:7)\n' +
    '    at populate (C:\\Users\\athithian.v\\Desktop\\chatup\\node_modules\\mongoose\\lib\\model.js:4183:21)\n' +
    '    at _populate (C:\\Users\\athithian.v\\Desktop\\chatup\\node_modules\\mongoose\\lib\\model.js:4143:5)\n' +
    '    at C:\\Users\\athithian.v\\Desktop\\chatup\\node_modules\\mongoose\\lib\\model.js:4115:5\n' +
    '    at new Promise (<anonymous>)\n' +
    '    at Function.populate (C:\\Users\\athithian.v\\Desktop\\chatup\\node_modules\\mongoose\\lib\\model.js:4114:10)\n' +
    '    at C:\\Users\\athithian.v\\Desktop\\chatup\\node_modules\\mongoose\\lib\\query.js:2542:11',
  level: 'error',
  timestamp: '2024-08-28 18:22:59'
}
{
  name: 'CastError',
  message: 'Cast to ObjectId failed for value "{}" (type Object) at path "_id" for model "GroupChat"',
  trace: 'CastError: Cast to ObjectId failed for value "{}" (type Object) at path "_id" for model "GroupChat"\n' +
    '    at SchemaObjectId.cast (C:\\Users\\athithian.v\\Desktop\\chatup\\node_modules\\mongoose\\lib\\schema\\objectId.js:250:11)\n' +
    '    at SchemaObjectId.SchemaType.applySetters (C:\\Users\\athithian.v\\Desktop\\chatup\\node_modules\\mongoose\\lib\\schemaType.js:1236:12)\n' +
    '    at SchemaObjectId.SchemaType.castForQuery (C:\\Users\\athithian.v\\Desktop\\chatup\\node_modules\\mongoose\\lib\\schemaType.js:1653:17)\n' +
    '    at cast (C:\\Users\\athithian.v\\Desktop\\chatup\\node_modules\\mongoose\\lib\\cast.js:304:34)\n' +
    '    at model.Query.Query.cast (C:\\Users\\athithian.v\\Desktop\\chatup\\node_modules\\mongoose\\lib\\query.js:4857:12)\n' +
    '    at model.Query.Query._castConditions (C:\\Users\\athithian.v\\Desktop\\chatup\\node_modules\\mongoose\\lib\\query.js:2265:10)\n' +
    '    at model.Query._findOne (C:\\Users\\athithian.v\\Desktop\\chatup\\node_modules\\mongoose\\lib\\query.js:2585:8)\n' +
    '    at model.Query.exec (C:\\Users\\athithian.v\\Desktop\\chatup\\node_modules\\mongoose\\lib\\query.js:4401:80)\n' +
    '    at processTicksAndRejections (node:internal/process/task_queues:95:5)',
  level: 'error',
  timestamp: '2024-08-28 18:51:24'
}
{
  name: 'CastError',
  message: 'Cast to ObjectId failed for value "{}" (type Object) at path "_id" for model "GroupChat"',
  trace: 'CastError: Cast to ObjectId failed for value "{}" (type Object) at path "_id" for model "GroupChat"\n' +
    '    at SchemaObjectId.cast (C:\\Users\\athithian.v\\Desktop\\chatup\\node_modules\\mongoose\\lib\\schema\\objectId.js:250:11)\n' +
    '    at SchemaObjectId.SchemaType.applySetters (C:\\Users\\athithian.v\\Desktop\\chatup\\node_modules\\mongoose\\lib\\schemaType.js:1236:12)\n' +
    '    at SchemaObjectId.SchemaType.castForQuery (C:\\Users\\athithian.v\\Desktop\\chatup\\node_modules\\mongoose\\lib\\schemaType.js:1653:17)\n' +
    '    at cast (C:\\Users\\athithian.v\\Desktop\\chatup\\node_modules\\mongoose\\lib\\cast.js:304:34)\n' +
    '    at model.Query.Query.cast (C:\\Users\\athithian.v\\Desktop\\chatup\\node_modules\\mongoose\\lib\\query.js:4857:12)\n' +
    '    at model.Query.Query._castConditions (C:\\Users\\athithian.v\\Desktop\\chatup\\node_modules\\mongoose\\lib\\query.js:2265:10)\n' +
    '    at model.Query._findOne (C:\\Users\\athithian.v\\Desktop\\chatup\\node_modules\\mongoose\\lib\\query.js:2585:8)\n' +
    '    at model.Query.exec (C:\\Users\\athithian.v\\Desktop\\chatup\\node_modules\\mongoose\\lib\\query.js:4401:80)\n' +
    '    at processTicksAndRejections (node:internal/process/task_queues:95:5)',
  level: 'error',
  timestamp: '2024-08-28 18:53:51'
}
{
  name: 'CastError',
  message: 'Cast to ObjectId failed for value "{}" (type Object) at path "_id" for model "GroupChat"',
  trace: 'CastError: Cast to ObjectId failed for value "{}" (type Object) at path "_id" for model "GroupChat"\n' +
    '    at SchemaObjectId.cast (C:\\Users\\athithian.v\\Desktop\\chatup\\node_modules\\mongoose\\lib\\schema\\objectId.js:250:11)\n' +
    '    at SchemaObjectId.SchemaType.applySetters (C:\\Users\\athithian.v\\Desktop\\chatup\\node_modules\\mongoose\\lib\\schemaType.js:1236:12)\n' +
    '    at SchemaObjectId.SchemaType.castForQuery (C:\\Users\\athithian.v\\Desktop\\chatup\\node_modules\\mongoose\\lib\\schemaType.js:1653:17)\n' +
    '    at cast (C:\\Users\\athithian.v\\Desktop\\chatup\\node_modules\\mongoose\\lib\\cast.js:304:34)\n' +
    '    at model.Query.Query.cast (C:\\Users\\athithian.v\\Desktop\\chatup\\node_modules\\mongoose\\lib\\query.js:4857:12)\n' +
    '    at model.Query.Query._castConditions (C:\\Users\\athithian.v\\Desktop\\chatup\\node_modules\\mongoose\\lib\\query.js:2265:10)\n' +
    '    at model.Query._findOne (C:\\Users\\athithian.v\\Desktop\\chatup\\node_modules\\mongoose\\lib\\query.js:2585:8)\n' +
    '    at model.Query.exec (C:\\Users\\athithian.v\\Desktop\\chatup\\node_modules\\mongoose\\lib\\query.js:4401:80)\n' +
    '    at processTicksAndRejections (node:internal/process/task_queues:95:5)',
  level: 'error',
  timestamp: '2024-08-28 18:54:39'
}
{
  name: 'CastError',
  message: 'Cast to ObjectId failed for value "{}" (type Object) at path "_id" for model "GroupChat"',
  trace: 'CastError: Cast to ObjectId failed for value "{}" (type Object) at path "_id" for model "GroupChat"\n' +
    '    at SchemaObjectId.cast (C:\\Users\\athithian.v\\Desktop\\chatup\\node_modules\\mongoose\\lib\\schema\\objectId.js:250:11)\n' +
    '    at SchemaObjectId.SchemaType.applySetters (C:\\Users\\athithian.v\\Desktop\\chatup\\node_modules\\mongoose\\lib\\schemaType.js:1236:12)\n' +
    '    at SchemaObjectId.SchemaType.castForQuery (C:\\Users\\athithian.v\\Desktop\\chatup\\node_modules\\mongoose\\lib\\schemaType.js:1653:17)\n' +
    '    at cast (C:\\Users\\athithian.v\\Desktop\\chatup\\node_modules\\mongoose\\lib\\cast.js:304:34)\n' +
    '    at model.Query.Query.cast (C:\\Users\\athithian.v\\Desktop\\chatup\\node_modules\\mongoose\\lib\\query.js:4857:12)\n' +
    '    at model.Query.Query._castConditions (C:\\Users\\athithian.v\\Desktop\\chatup\\node_modules\\mongoose\\lib\\query.js:2265:10)\n' +
    '    at model.Query._findOne (C:\\Users\\athithian.v\\Desktop\\chatup\\node_modules\\mongoose\\lib\\query.js:2585:8)\n' +
    '    at model.Query.exec (C:\\Users\\athithian.v\\Desktop\\chatup\\node_modules\\mongoose\\lib\\query.js:4401:80)\n' +
    '    at processTicksAndRejections (node:internal/process/task_queues:95:5)',
  level: 'error',
  timestamp: '2024-08-28 18:55:50'
}
{
  name: 'CastError',
  message: 'Cast to ObjectId failed for value "{}" (type Object) at path "_id" for model "GroupChat"',
  trace: 'CastError: Cast to ObjectId failed for value "{}" (type Object) at path "_id" for model "GroupChat"\n' +
    '    at SchemaObjectId.cast (C:\\Users\\athithian.v\\Desktop\\chatup\\node_modules\\mongoose\\lib\\schema\\objectId.js:250:11)\n' +
    '    at SchemaObjectId.SchemaType.applySetters (C:\\Users\\athithian.v\\Desktop\\chatup\\node_modules\\mongoose\\lib\\schemaType.js:1236:12)\n' +
    '    at SchemaObjectId.SchemaType.castForQuery (C:\\Users\\athithian.v\\Desktop\\chatup\\node_modules\\mongoose\\lib\\schemaType.js:1653:17)\n' +
    '    at cast (C:\\Users\\athithian.v\\Desktop\\chatup\\node_modules\\mongoose\\lib\\cast.js:304:34)\n' +
    '    at model.Query.Query.cast (C:\\Users\\athithian.v\\Desktop\\chatup\\node_modules\\mongoose\\lib\\query.js:4857:12)\n' +
    '    at model.Query.Query._castConditions (C:\\Users\\athithian.v\\Desktop\\chatup\\node_modules\\mongoose\\lib\\query.js:2265:10)\n' +
    '    at model.Query._findOne (C:\\Users\\athithian.v\\Desktop\\chatup\\node_modules\\mongoose\\lib\\query.js:2585:8)\n' +
    '    at model.Query.exec (C:\\Users\\athithian.v\\Desktop\\chatup\\node_modules\\mongoose\\lib\\query.js:4401:80)\n' +
    '    at processTicksAndRejections (node:internal/process/task_queues:95:5)',
  level: 'error',
  timestamp: '2024-08-28 18:56:43'
}
{
  name: 'CastError',
  message: 'Cast to ObjectId failed for value "{}" (type Object) at path "_id" for model "GroupChat"',
  trace: 'CastError: Cast to ObjectId failed for value "{}" (type Object) at path "_id" for model "GroupChat"\n' +
    '    at SchemaObjectId.cast (C:\\Users\\athithian.v\\Desktop\\chatup\\node_modules\\mongoose\\lib\\schema\\objectId.js:250:11)\n' +
    '    at SchemaObjectId.SchemaType.applySetters (C:\\Users\\athithian.v\\Desktop\\chatup\\node_modules\\mongoose\\lib\\schemaType.js:1236:12)\n' +
    '    at SchemaObjectId.SchemaType.castForQuery (C:\\Users\\athithian.v\\Desktop\\chatup\\node_modules\\mongoose\\lib\\schemaType.js:1653:17)\n' +
    '    at cast (C:\\Users\\athithian.v\\Desktop\\chatup\\node_modules\\mongoose\\lib\\cast.js:304:34)\n' +
    '    at model.Query.Query.cast (C:\\Users\\athithian.v\\Desktop\\chatup\\node_modules\\mongoose\\lib\\query.js:4857:12)\n' +
    '    at model.Query.Query._castConditions (C:\\Users\\athithian.v\\Desktop\\chatup\\node_modules\\mongoose\\lib\\query.js:2265:10)\n' +
    '    at model.Query._findOne (C:\\Users\\athithian.v\\Desktop\\chatup\\node_modules\\mongoose\\lib\\query.js:2585:8)\n' +
    '    at model.Query.exec (C:\\Users\\athithian.v\\Desktop\\chatup\\node_modules\\mongoose\\lib\\query.js:4401:80)\n' +
    '    at processTicksAndRejections (node:internal/process/task_queues:95:5)',
  level: 'error',
  timestamp: '2024-08-28 18:57:19'
}
{
  name: 'MissingSchemaError',
  message: `Schema hasn't been registered for model "Message".\n` +
    'Use mongoose.model(name, schema)',
  trace: `MissingSchemaError: Schema hasn't been registered for model "Message".\n` +
    'Use mongoose.model(name, schema)\n' +
    '    at NativeConnection.Connection.model (C:\\Users\\athithian.v\\Desktop\\chatup\\node_modules\\mongoose\\lib\\connection.js:1218:13)\n' +
    '    at _getModelFromConn (C:\\Users\\athithian.v\\Desktop\\chatup\\node_modules\\mongoose\\lib\\helpers\\populate\\getModelsMapForPopulate.js:569:15)\n' +
    '    at addModelNamesToMap (C:\\Users\\athithian.v\\Desktop\\chatup\\node_modules\\mongoose\\lib\\helpers\\populate\\getModelsMapForPopulate.js:496:17)\n' +
    '    at getModelsMapForPopulate (C:\\Users\\athithian.v\\Desktop\\chatup\\node_modules\\mongoose\\lib\\helpers\\populate\\getModelsMapForPopulate.js:200:7)\n' +
    '    at populate (C:\\Users\\athithian.v\\Desktop\\chatup\\node_modules\\mongoose\\lib\\model.js:4183:21)\n' +
    '    at _populate (C:\\Users\\athithian.v\\Desktop\\chatup\\node_modules\\mongoose\\lib\\model.js:4143:5)\n' +
    '    at C:\\Users\\athithian.v\\Desktop\\chatup\\node_modules\\mongoose\\lib\\model.js:4115:5\n' +
    '    at new Promise (<anonymous>)\n' +
    '    at Function.populate (C:\\Users\\athithian.v\\Desktop\\chatup\\node_modules\\mongoose\\lib\\model.js:4114:10)\n' +
    '    at C:\\Users\\athithian.v\\Desktop\\chatup\\node_modules\\mongoose\\lib\\query.js:2542:11',
  level: 'error',
  timestamp: '2024-08-28 19:06:38'
}
{
  message: 'connect ECONNREFUSED ::1:27017, connect ECONNREFUSED 127.0.0.1:27017',
  reason: TopologyDescription {
    type: 'Unknown',
    servers: Map(1) {
      'localhost:27017' => ServerDescription {
        address: 'localhost:27017',
        type: 'Unknown',
        hosts: [],
        passives: [],
        arbiters: [],
        tags: {},
        minWireVersion: 0,
        maxWireVersion: 0,
        roundTripTime: -1,
        minRoundTripTime: 0,
        lastUpdateTime: 1235880,
        lastWriteDate: 0,
        error: MongoNetworkError: connect ECONNREFUSED ::1:27017, connect ECONNREFUSED 127.0.0.1:27017
            at connectionFailureError (C:\Users\athithian.v\Desktop\chatup\node_modules\mongodb\src\cmap\connect.ts:470:14)
            at Socket.<anonymous> (C:\Users\athithian.v\Desktop\chatup\node_modules\mongodb\src\cmap\connect.ts:372:38)
            at Object.onceWrapper (node:events:634:26)
            at Socket.emit (node:events:519:28)
            at Socket.emit (node:domain:488:12)
            at emitErrorNT (node:internal/streams/destroy:169:8)
            at emitErrorCloseNT (node:internal/streams/destroy:128:3)
            at processTicksAndRejections (node:internal/process/task_queues:82:21) {
          [Symbol(errorLabels)]: Set(1) { 'ResetPool' },
          [cause]: AggregateError
              at internalConnectMultiple (node:net:1117:18)
              at afterConnectMultiple (node:net:1684:7) {
            code: 'ECONNREFUSED',
            [errors]: [
              Error: connect ECONNREFUSED ::1:27017
                  at createConnectionError (node:net:1647:14)
                  at afterConnectMultiple (node:net:1677:16) {
                errno: -4078,
                code: 'ECONNREFUSED',
                syscall: 'connect',
                address: '::1',
                port: 27017
              },
              Error: connect ECONNREFUSED 127.0.0.1:27017
                  at createConnectionError (node:net:1647:14)
                  at afterConnectMultiple (node:net:1677:16) {
                errno: -4078,
                code: 'ECONNREFUSED',
                syscall: 'connect',
                address: '127.0.0.1',
                port: 27017
              }
            ]
          }
        },
        topologyVersion: null,
        setName: null,
        setVersion: null,
        electionId: null,
        logicalSessionTimeoutMinutes: null,
        primary: null,
        me: null,
        '$clusterTime': null
      }
    },
    stale: false,
    compatible: true,
    heartbeatFrequencyMS: 10000,
    localThresholdMS: 15,
    setName: null,
    maxElectionId: null,
    maxSetVersion: null,
    commonWireVersion: 0,
    logicalSessionTimeoutMinutes: null
  },
  code: undefined,
  level: 'error',
  timestamp: '2024-08-29 15:07:05'
}
